<?xml version="1.0" encoding="UTF-8"?>
<testng-results ignored="0" total="1" passed="1" failed="0" skipped="0">
  <reporter-output>
    <line>
      <![CDATA[DB Connectivity]]>
    </line>
    <line>
      <![CDATA[Pre-condition if any]]>
    </line>
    <line>
      <![CDATA[Browser configuration done]]>
    </line>
    <line>
      <![CDATA[Logged in]]>
    </line>
    <line>
      <![CDATA[Logged out of the application]]>
    </line>
    <line>
      <![CDATA[Browser closed successfully]]>
    </line>
    <line>
      <![CDATA[Post-condition if any]]>
    </line>
    <line>
      <![CDATA[DB Disconnected + Report Backed up]]>
    </line>
  </reporter-output>
  <suite started-at="2025-11-16T13:40:19 IST" name="Default suite" finished-at="2025-11-16T13:40:33 IST" duration-ms="13460">
    <groups>
    </groups>
    <test started-at="2025-11-16T13:40:19 IST" name="Default test" finished-at="2025-11-16T13:40:33 IST" duration-ms="13460">
      <class name="Testscripts.FacebookIcon">
        <test-method is-config="true" signature="configBS()[pri:0, instance:Testscripts.FacebookIcon@43bc63a3]" started-at="2025-11-16T13:40:19 IST" name="configBS" finished-at="2025-11-16T13:40:19 IST" duration-ms="14" status="PASS">
          <reporter-output>
            <line>
              <![CDATA[DB Connectivity]]>
            </line>
          </reporter-output>
        </test-method> <!-- configBS -->
        <test-method is-config="true" signature="configBT()[pri:0, instance:Testscripts.FacebookIcon@43bc63a3]" started-at="2025-11-16T13:40:19 IST" name="configBT" finished-at="2025-11-16T13:40:19 IST" duration-ms="2" status="PASS">
          <reporter-output>
            <line>
              <![CDATA[Pre-condition if any]]>
            </line>
          </reporter-output>
        </test-method> <!-- configBT -->
        <test-method is-config="true" signature="configBC()[pri:0, instance:Testscripts.FacebookIcon@43bc63a3]" started-at="2025-11-16T13:40:19 IST" name="configBC" finished-at="2025-11-16T13:40:24 IST" duration-ms="4768" status="PASS">
          <reporter-output>
            <line>
              <![CDATA[Browser configuration done]]>
            </line>
          </reporter-output>
        </test-method> <!-- configBC -->
        <test-method is-config="true" signature="configBM()[pri:0, instance:Testscripts.FacebookIcon@43bc63a3]" started-at="2025-11-16T13:40:24 IST" name="configBM" finished-at="2025-11-16T13:40:25 IST" duration-ms="775" status="PASS">
          <reporter-output>
            <line>
              <![CDATA[Logged in]]>
            </line>
          </reporter-output>
        </test-method> <!-- configBM -->
        <test-method signature="FacebookTest()[pri:0, instance:Testscripts.FacebookIcon@43bc63a3]" started-at="2025-11-16T13:40:25 IST" name="FacebookTest" finished-at="2025-11-16T13:40:32 IST" duration-ms="7134" status="PASS">
          <reporter-output>
          </reporter-output>
        </test-method> <!-- FacebookTest -->
        <test-method is-config="true" signature="configAM()[pri:0, instance:Testscripts.FacebookIcon@43bc63a3]" started-at="2025-11-16T13:40:32 IST" name="configAM" finished-at="2025-11-16T13:40:33 IST" duration-ms="603" status="PASS">
          <reporter-output>
            <line>
              <![CDATA[Logged out of the application]]>
            </line>
          </reporter-output>
        </test-method> <!-- configAM -->
        <test-method is-config="true" signature="configAC()[pri:0, instance:Testscripts.FacebookIcon@43bc63a3]" started-at="2025-11-16T13:40:33 IST" name="configAC" finished-at="2025-11-16T13:40:33 IST" duration-ms="56" status="PASS">
          <reporter-output>
            <line>
              <![CDATA[Browser closed successfully]]>
            </line>
          </reporter-output>
        </test-method> <!-- configAC -->
        <test-method is-config="true" signature="configAT()[pri:0, instance:Testscripts.FacebookIcon@43bc63a3]" started-at="2025-11-16T13:40:33 IST" name="configAT" finished-at="2025-11-16T13:40:33 IST" duration-ms="10" status="PASS">
          <reporter-output>
            <line>
              <![CDATA[Post-condition if any]]>
            </line>
          </reporter-output>
        </test-method> <!-- configAT -->
        <test-method is-config="true" signature="configAS()[pri:0, instance:Testscripts.FacebookIcon@43bc63a3]" started-at="2025-11-16T13:40:33 IST" name="configAS" finished-at="2025-11-16T13:40:33 IST" duration-ms="2" status="PASS">
          <reporter-output>
            <line>
              <![CDATA[DB Disconnected + Report Backed up]]>
            </line>
          </reporter-output>
        </test-method> <!-- configAS -->
      </class> <!-- Testscripts.FacebookIcon -->
    </test> <!-- Default test -->
  </suite> <!-- Default suite -->
</testng-results>
