<?xml version="1.0" encoding="UTF-8"?>
<testng-results ignored="0" total="1" passed="0" failed="1" skipped="0">
  <reporter-output>
    <line>
      <![CDATA[DB Connectivity]]>
    </line>
    <line>
      <![CDATA[Pre-condition if any]]>
    </line>
    <line>
      <![CDATA[Browser configuration done]]>
    </line>
    <line>
      <![CDATA[Logged in]]>
    </line>
    <line>
      <![CDATA[Logged out of the application]]>
    </line>
    <line>
      <![CDATA[Browser closed successfully]]>
    </line>
    <line>
      <![CDATA[Post-condition if any]]>
    </line>
    <line>
      <![CDATA[DB Disconnected + Report Backed up]]>
    </line>
  </reporter-output>
  <suite started-at="2025-11-23T12:56:07 IST" name="Default suite" finished-at="2025-11-23T12:56:31 IST" duration-ms="23427">
    <groups>
      <group name="regression">
        <method signature="AddtoCart.AddToCartTest()[pri:0, instance:Testscripts.AddtoCart@43bc63a3]" name="AddToCartTest" class="Testscripts.AddtoCart"/>
      </group> <!-- regression -->
      <group name="smoke">
        <method signature="AddtoCart.AddToCartTest()[pri:0, instance:Testscripts.AddtoCart@43bc63a3]" name="AddToCartTest" class="Testscripts.AddtoCart"/>
      </group> <!-- smoke -->
    </groups>
    <test started-at="2025-11-23T12:56:07 IST" name="Default test" finished-at="2025-11-23T12:56:31 IST" duration-ms="23427">
      <class name="Testscripts.AddtoCart">
        <test-method is-config="true" signature="configBS()[pri:0, instance:Testscripts.AddtoCart@43bc63a3]" started-at="2025-11-23T12:56:07 IST" name="configBS" finished-at="2025-11-23T12:56:07 IST" duration-ms="27" status="PASS">
          <reporter-output>
            <line>
              <![CDATA[DB Connectivity]]>
            </line>
          </reporter-output>
        </test-method> <!-- configBS -->
        <test-method is-config="true" signature="configBT()[pri:0, instance:Testscripts.AddtoCart@43bc63a3]" started-at="2025-11-23T12:56:07 IST" name="configBT" finished-at="2025-11-23T12:56:07 IST" duration-ms="6" status="PASS">
          <reporter-output>
            <line>
              <![CDATA[Pre-condition if any]]>
            </line>
          </reporter-output>
        </test-method> <!-- configBT -->
        <test-method is-config="true" signature="configBC()[pri:0, instance:Testscripts.AddtoCart@43bc63a3]" started-at="2025-11-23T12:56:07 IST" name="configBC" finished-at="2025-11-23T12:56:17 IST" duration-ms="9425" status="PASS">
          <reporter-output>
            <line>
              <![CDATA[Browser configuration done]]>
            </line>
          </reporter-output>
        </test-method> <!-- configBC -->
        <test-method is-config="true" signature="configBM()[pri:0, instance:Testscripts.AddtoCart@43bc63a3]" started-at="2025-11-23T12:56:17 IST" name="configBM" finished-at="2025-11-23T12:56:20 IST" duration-ms="3044" status="PASS">
          <reporter-output>
            <line>
              <![CDATA[Logged in]]>
            </line>
          </reporter-output>
        </test-method> <!-- configBM -->
        <test-method signature="AddToCartTest()[pri:0, instance:Testscripts.AddtoCart@43bc63a3]" started-at="2025-11-23T12:56:20 IST" name="AddToCartTest" finished-at="2025-11-23T12:56:29 IST" duration-ms="8938" status="FAIL">
          <exception class="java.lang.AssertionError">
            <message>
              <![CDATA[Product not added expected [Thank you for your order] but found [Thank you for your order!]]]>
            </message>
            <full-stacktrace>
              <![CDATA[java.lang.AssertionError: Product not added expected [Thank you for your order] but found [Thank you for your order!]
at org.testng.Assert.fail(Assert.java:111)
at org.testng.Assert.failNotEquals(Assert.java:1578)
at org.testng.Assert.assertEqualsImpl(Assert.java:150)
at org.testng.Assert.assertEquals(Assert.java:132)
at org.testng.Assert.assertEquals(Assert.java:656)
at Testscripts.AddtoCart.AddToCartTest(AddtoCart.java:74)
at java.base/jdk.internal.reflect.DirectMethodHandleAccessor.invoke(DirectMethodHandleAccessor.java:103)
at java.base/java.lang.reflect.Method.invoke(Method.java:580)
at org.testng.internal.invokers.MethodInvocationHelper.invokeMethod(MethodInvocationHelper.java:141)
at org.testng.internal.invokers.TestInvoker.invokeMethod(TestInvoker.java:686)
at org.testng.internal.invokers.TestInvoker.invokeTestMethod(TestInvoker.java:230)
at org.testng.internal.invokers.MethodRunner.runInSequence(MethodRunner.java:63)
at org.testng.internal.invokers.TestInvoker$MethodInvocationAgent.invoke(TestInvoker.java:992)
at org.testng.internal.invokers.TestInvoker.invokeTestMethods(TestInvoker.java:203)
at org.testng.internal.invokers.TestMethodWorker.invokeTestMethods(TestMethodWorker.java:154)
at org.testng.internal.invokers.TestMethodWorker.run(TestMethodWorker.java:134)
at java.base/java.util.ArrayList.forEach(ArrayList.java:1596)
at org.testng.TestRunner.privateRun(TestRunner.java:739)
at org.testng.TestRunner.run(TestRunner.java:614)
at org.testng.SuiteRunner.runTest(SuiteRunner.java:421)
at org.testng.SuiteRunner.runSequentially(SuiteRunner.java:413)
at org.testng.SuiteRunner.privateRun(SuiteRunner.java:373)
at org.testng.SuiteRunner.run(SuiteRunner.java:312)
at org.testng.SuiteRunnerWorker.runSuite(SuiteRunnerWorker.java:52)
at org.testng.SuiteRunnerWorker.run(SuiteRunnerWorker.java:95)
at org.testng.TestNG.runSuitesSequentially(TestNG.java:1274)
at org.testng.TestNG.runSuitesLocally(TestNG.java:1208)
at org.testng.TestNG.runSuites(TestNG.java:1112)
at org.testng.TestNG.run(TestNG.java:1079)
at org.testng.remote.AbstractRemoteTestNG.run(AbstractRemoteTestNG.java:115)
at org.testng.remote.RemoteTestNG.initAndRun(RemoteTestNG.java:293)
at org.testng.remote.RemoteTestNG.main(RemoteTestNG.java:91)
]]>
            </full-stacktrace>
          </exception> <!-- java.lang.AssertionError -->
          <reporter-output>
          </reporter-output>
        </test-method> <!-- AddToCartTest -->
        <test-method is-config="true" signature="configAM()[pri:0, instance:Testscripts.AddtoCart@43bc63a3]" started-at="2025-11-23T12:56:29 IST" name="configAM" finished-at="2025-11-23T12:56:30 IST" duration-ms="818" status="PASS">
          <reporter-output>
            <line>
              <![CDATA[Logged out of the application]]>
            </line>
          </reporter-output>
        </test-method> <!-- configAM -->
        <test-method is-config="true" signature="configAC()[pri:0, instance:Testscripts.AddtoCart@43bc63a3]" started-at="2025-11-23T12:56:30 IST" name="configAC" finished-at="2025-11-23T12:56:31 IST" duration-ms="1018" status="PASS">
          <reporter-output>
            <line>
              <![CDATA[Browser closed successfully]]>
            </line>
          </reporter-output>
        </test-method> <!-- configAC -->
        <test-method is-config="true" signature="configAT()[pri:0, instance:Testscripts.AddtoCart@43bc63a3]" started-at="2025-11-23T12:56:31 IST" name="configAT" finished-at="2025-11-23T12:56:31 IST" duration-ms="1" status="PASS">
          <reporter-output>
            <line>
              <![CDATA[Post-condition if any]]>
            </line>
          </reporter-output>
        </test-method> <!-- configAT -->
        <test-method is-config="true" signature="configAS()[pri:0, instance:Testscripts.AddtoCart@43bc63a3]" started-at="2025-11-23T12:56:31 IST" name="configAS" finished-at="2025-11-23T12:56:31 IST" duration-ms="6" status="PASS">
          <reporter-output>
            <line>
              <![CDATA[DB Disconnected + Report Backed up]]>
            </line>
          </reporter-output>
        </test-method> <!-- configAS -->
      </class> <!-- Testscripts.AddtoCart -->
    </test> <!-- Default test -->
  </suite> <!-- Default suite -->
</testng-results>
