<?xml version="1.0" encoding="UTF-8"?>
<!-- Generated by org.testng.reporters.JUnitReportReporter -->
<testsuite hostname="DESKTOP-9RGTOPN" failures="0" tests="3" name="Helper_Attribute.enabled" time="0.017" errors="0" timestamp="2025-11-15T14:00:20 IST" skipped="2">
  <testcase classname="Helper_Attribute.enabled" name="Amazon" time="0.017">
    <system-out>
      <![CDATA[Amazon executed]]>
    </system-out>
  </testcase> <!-- Amazon -->
  <testcase classname="Helper_Attribute.enabled" name="Myntra">
    <skipped/>
  </testcase> <!-- Myntra -->
  <testcase classname="Helper_Attribute.enabled" name="Swiggy">
    <skipped/>
  </testcase> <!-- Swiggy -->
  <system-out>
    <![CDATA[Amazon executed]]>
  </system-out>
</testsuite> <!-- Helper_Attribute.enabled -->
