<?xml version="1.0" encoding="UTF-8"?>
<!-- Generated by org.testng.reporters.JUnitReportReporter -->
<testsuite hostname="DESKTOP-9RGTOPN" failures="0" tests="1" name="Testscripts.AddtoCart" time="6.454" errors="0" timestamp="2025-11-16T11:51:52 IST" skipped="0">
  <testcase classname="Testscripts.AddtoCart" name="AddToCartTest" time="6.454"/>
  <system-out>
    <![CDATA[DB Connectivity
Pre-condition if any
Browser configuration done
Logged in
Logged out of the application
Browser closed successfully
Post-condition if any
DB Disconnected + Report Backed up]]>
  </system-out>
</testsuite> <!-- Testscripts.AddtoCart -->
