<?xml version="1.0" encoding="UTF-8"?>
<!-- Generated by org.testng.reporters.JUnitReportReporter -->
<testsuite hostname="DESKTOP-9RGTOPN" failures="0" tests="1" name="Testscripts.AboutPage" time="17.335" errors="0" timestamp="2025-11-16T11:50:47 IST" skipped="0">
  <testcase classname="Testscripts.AboutPage" name="AboutPageTest" time="17.335"/>
  <system-out>
    <![CDATA[DB Connectivity
Pre-condition if any
Browser configuration done
Logged in
Logged out of the application
Browser closed successfully
Post-condition if any
DB Disconnected + Report Backed up]]>
  </system-out>
</testsuite> <!-- Testscripts.AboutPage -->
