<?xml version="1.0" encoding="UTF-8"?>
<!-- Generated by org.testng.reporters.JUnitReportReporter -->
<testsuite hostname="DESKTOP-9RGTOPN" failures="0" tests="7" name="Helper_Attribute.priority" time="0.062" errors="0" timestamp="2025-11-15T13:14:28 IST" skipped="0">
  <testcase classname="Helper_Attribute.priority" name="Zepto" time="0.034">
    <system-out>
      <![CDATA[Zepto executed]]>
    </system-out>
  </testcase> <!-- Zepto -->
  <testcase classname="Helper_Attribute.priority" name="Flipkart" time="0.005">
    <system-out>
      <![CDATA[Flipkart executed]]>
    </system-out>
  </testcase> <!-- Flipkart -->
  <testcase classname="Helper_Attribute.priority" name="Amazon" time="0.004">
    <system-out>
      <![CDATA[Amazon executed]]>
    </system-out>
  </testcase> <!-- Amazon -->
  <testcase classname="Helper_Attribute.priority" name="Swiggy" time="0.004">
    <system-out>
      <![CDATA[Swiggy executed]]>
    </system-out>
  </testcase> <!-- Swiggy -->
  <testcase classname="Helper_Attribute.priority" name="Myntra" time="0.005">
    <system-out>
      <![CDATA[Myntra executed]]>
    </system-out>
  </testcase> <!-- Myntra -->
  <testcase classname="Helper_Attribute.priority" name="BigBasket" time="0.004">
    <system-out>
      <![CDATA[BigBasket executed]]>
    </system-out>
  </testcase> <!-- BigBasket -->
  <testcase classname="Helper_Attribute.priority" name="Blinkit" time="0.006">
    <system-out>
      <![CDATA[Blinkit executed]]>
    </system-out>
  </testcase> <!-- Blinkit -->
  <system-out>
    <![CDATA[Zepto executed
Flipkart executed
Amazon executed
Swiggy executed
Myntra executed
BigBasket executed
Blinkit executed]]>
  </system-out>
</testsuite> <!-- Helper_Attribute.priority -->
