<?xml version="1.0" encoding="UTF-8"?>
<!-- Generated by org.testng.reporters.JUnitReportReporter -->
<testsuite hostname="DESKTOP-9RGTOPN" failures="0" tests="1" name="Testscripts.FacebookIcon" time="8.512" errors="0" timestamp="2025-11-16T13:40:33 IST" skipped="0">
  <testcase classname="Testscripts.FacebookIcon" name="FacebookTest" time="8.512"/>
  <system-out>
    <![CDATA[DB Connectivity
Pre-condition if any
Browser configuration done
Logged in
Logged out of the application
Browser closed successfully
Post-condition if any
DB Disconnected + Report Backed up]]>
  </system-out>
</testsuite> <!-- Testscripts.FacebookIcon -->
