<?xml version="1.0" encoding="UTF-8"?>
<!-- Generated by org.testng.reporters.JUnitReportReporter -->
<testsuite hostname="DESKTOP-9RGTOPN" failures="0" tests="7" name="Helper_Attribute.invocation_count" time="49.799" errors="0" timestamp="2025-11-15T13:25:37 IST" skipped="0">
  <testcase classname="Helper_Attribute.invocation_count" name="Myntra" time="7.201">
    <system-out>
      <![CDATA[Myntra executed]]>
    </system-out>
  </testcase> <!-- Myntra -->
  <testcase classname="Helper_Attribute.invocation_count" name="Amazon" time="5.083">
    <system-out>
      <![CDATA[Amazon executed]]>
    </system-out>
  </testcase> <!-- Amazon -->
  <testcase classname="Helper_Attribute.invocation_count" name="Amazon" time="5.273">
    <system-out>
      <![CDATA[Amazon executed]]>
    </system-out>
  </testcase> <!-- Amazon -->
  <testcase classname="Helper_Attribute.invocation_count" name="Amazon" time="10.771">
    <system-out>
      <![CDATA[Amazon executed]]>
    </system-out>
  </testcase> <!-- Amazon -->
  <testcase classname="Helper_Attribute.invocation_count" name="Amazon" time="5.250">
    <system-out>
      <![CDATA[Amazon executed]]>
    </system-out>
  </testcase> <!-- Amazon -->
  <testcase classname="Helper_Attribute.invocation_count" name="Myntra" time="10.541">
    <system-out>
      <![CDATA[Myntra executed]]>
    </system-out>
  </testcase> <!-- Myntra -->
  <testcase classname="Helper_Attribute.invocation_count" name="Amazon" time="5.680">
    <system-out>
      <![CDATA[Amazon executed]]>
    </system-out>
  </testcase> <!-- Amazon -->
  <system-out>
    <![CDATA[Amazon executed
Amazon executed
Amazon executed
Amazon executed
Amazon executed
Myntra executed
Myntra executed]]>
  </system-out>
</testsuite> <!-- Helper_Attribute.invocation_count -->
